[    0.000000] Initializing cgroup subsys cpuset
[    0.000000] Initializing cgroup subsys cpu
[    0.000000] Initializing cgroup subsys cpuacct
[    0.000000] Linux version 4.4.0-154-generic (buildd@lgw01-amd64-049) (gcc version 5.4.0 20160609 (Ubuntu 5.4.0-6ubuntu1~16.04.10) ) #181-Ubuntu SMP Tue Jun 25 05:29:03 UTC 2019 (Ubuntu 4.4.0-154.181-generic 4.4.179)
[    0.000000] Command line: BOOT_IMAGE=/boot/vmlinuz-4.4.0-154-generic root=LABEL=cloudimg-rootfs ro console=tty1 console=ttyS0
[    0.000000] KERNEL supported cpus:
[    0.000000]   Intel GenuineIntel
[    0.000000]   AMD AuthenticAMD
[    0.000000]   Centaur CentaurHauls
[    0.000000] [Firmware Bug]: TSC doesn't count with P0 frequency!
[    0.000000] x86/fpu: xstate_offset[2]:  576, xstate_sizes[2]:  256
[    0.000000] x86/fpu: Supporting XSAVE feature 0x01: 'x87 floating point registers'
[    0.000000] x86/fpu: Supporting XSAVE feature 0x02: 'SSE registers'
[    0.000000] x86/fpu: Supporting XSAVE feature 0x04: 'AVX registers'
[    0.000000] x86/fpu: Enabled xstate features 0x7, context size is 832 bytes, using 'standard' format.
[    0.000000] e820: BIOS-provided physical RAM map:
[    0.000000] BIOS-e820: [mem 0x0000000000000000-0x000000000009fbff] usable
[    0.000000] BIOS-e820: [mem 0x000000000009fc00-0x000000000009ffff] reserved
[    0.000000] BIOS-e820: [mem 0x00000000000f0000-0x00000000000fffff] reserved
[    0.000000] BIOS-e820: [mem 0x0000000000100000-0x000000003ffeffff] usable
[    0.000000] BIOS-e820: [mem 0x000000003fff0000-0x000000003fffffff] ACPI data
[    0.000000] BIOS-e820: [mem 0x00000000fec00000-0x00000000fec00fff] reserved
[    0.000000] BIOS-e820: [mem 0x00000000fee00000-0x00000000fee00fff] reserved
[    0.000000] BIOS-e820: [mem 0x00000000fffc0000-0x00000000ffffffff] reserved
[    0.000000] NX (Execute Disable) protection: active
[    0.000000] SMBIOS 2.5 present.
[    0.000000] Hypervisor detected: KVM
[    0.000000] Kernel/User page tables isolation: disabled
[    0.000000] e820: last_pfn = 0x3fff0 max_arch_pfn = 0x400000000
[    0.000000] MTRR: Disabled
[    0.000000] x86/PAT: MTRRs disabled, skipping PAT initialization too.
[    0.000000] CPU MTRRs all blank - virtualized system.
[    0.000000] x86/PAT: Configuration [0-7]: WB  WT  UC- UC  WB  WT  UC- UC  
[    0.000000] found SMP MP-table at [mem 0x0009fff0-0x0009ffff] mapped at [ffff88000009fff0]
[    0.000000] Scanning 1 areas for low memory corruption
[    0.000000] RAMDISK: [mem 0x362fa000-0x37174fff]
[    0.000000] ACPI: Early table checksum verification disabled
[    0.000000] ACPI: RSDP 0x00000000000E0000 000024 (v02 VBOX  )
[    0.000000] ACPI: XSDT 0x000000003FFF0030 00003C (v01 VBOX   VBOXXSDT 00000001 ASL  00000061)
[    0.000000] ACPI: FACP 0x000000003FFF00F0 0000F4 (v04 VBOX   VBOXFACP 00000001 ASL  00000061)
[    0.000000] ACPI: DSDT 0x000000003FFF0470 0022EA (v02 VBOX   VBOXBIOS 00000002 INTL 20100528)
[    0.000000] ACPI: FACS 0x000000003FFF0200 000040
[    0.000000] ACPI: FACS 0x000000003FFF0200 000040
[    0.000000] ACPI: APIC 0x000000003FFF0240 00005C (v02 VBOX   VBOXAPIC 00000001 ASL  00000061)
[    0.000000] ACPI: SSDT 0x000000003FFF02A0 0001CC (v01 VBOX   VBOXCPUT 00000002 INTL 20100528)
[    0.000000] No NUMA configuration found
[    0.000000] Faking a node at [mem 0x0000000000000000-0x000000003ffeffff]
[    0.000000] NODE_DATA(0) allocated [mem 0x3ffeb000-0x3ffeffff]
[    0.000000] kvm-clock: Using msrs 4b564d01 and 4b564d00
[    0.000000] kvm-clock: cpu 0, msr 0:3ffe3001, primary cpu clock
[    0.000000] kvm-clock: using sched offset of 3559650002 cycles
[    0.000000] clocksource: kvm-clock: mask: 0xffffffffffffffff max_cycles: 0x1cd42e4dffb, max_idle_ns: 881590591483 ns
[    0.000000] Zone ranges:
[    0.000000]   DMA      [mem 0x0000000000001000-0x0000000000ffffff]
[    0.000000]   DMA32    [mem 0x0000000001000000-0x000000003ffeffff]
[    0.000000]   Normal   empty
[    0.000000]   Device   empty
[    0.000000] Movable zone start for each node
[    0.000000] Early memory node ranges
[    0.000000]   node   0: [mem 0x0000000000001000-0x000000000009efff]
[    0.000000]   node   0: [mem 0x0000000000100000-0x000000003ffeffff]
[    0.000000] Initmem setup node 0 [mem 0x0000000000001000-0x000000003ffeffff]
[    0.000000] ACPI: PM-Timer IO Port: 0x4008
[    0.000000] IOAPIC[0]: apic_id 2, version 32, address 0xfec00000, GSI 0-23
[    0.000000] ACPI: INT_SRC_OVR (bus 0 bus_irq 0 global_irq 2 dfl dfl)
[    0.000000] ACPI: INT_SRC_OVR (bus 0 bus_irq 9 global_irq 9 low level)
[    0.000000] Using ACPI (MADT) for SMP configuration information
[    0.000000] smpboot: Allowing 2 CPUs, 0 hotplug CPUs
[    0.000000] PM: Registered nosave memory: [mem 0x00000000-0x00000fff]
[    0.000000] PM: Registered nosave memory: [mem 0x0009f000-0x0009ffff]
[    0.000000] PM: Registered nosave memory: [mem 0x000a0000-0x000effff]
[    0.000000] PM: Registered nosave memory: [mem 0x000f0000-0x000fffff]
[    0.000000] e820: [mem 0x40000000-0xfebfffff] available for PCI devices
[    0.000000] Booting paravirtualized kernel on KVM
[    0.000000] clocksource: refined-jiffies: mask: 0xffffffff max_cycles: 0xffffffff, max_idle_ns: 7645519600211568 ns
[    0.000000] setup_percpu: NR_CPUS:512 nr_cpumask_bits:512 nr_cpu_ids:2 nr_node_ids:1
[    0.000000] PERCPU: Embedded 34 pages/cpu @ffff88003fc00000 s99480 r8192 d31592 u1048576
[    0.000000] Built 1 zonelists in Node order, mobility grouping on.  Total pages: 257912
[    0.000000] Policy zone: DMA32
[    0.000000] Kernel command line: BOOT_IMAGE=/boot/vmlinuz-4.4.0-154-generic root=LABEL=cloudimg-rootfs ro console=tty1 console=ttyS0
[    0.000000] PID hash table entries: 4096 (order: 3, 32768 bytes)
[    0.000000] Memory: 997732K/1048120K available (8613K kernel code, 1335K rwdata, 4028K rodata, 1484K init, 1284K bss, 50388K reserved, 0K cma-reserved)
[    0.000000] SLUB: HWalign=64, Order=0-3, MinObjects=0, CPUs=2, Nodes=1
[    0.000000] Hierarchical RCU implementation.
[    0.000000] 	Build-time adjustment of leaf fanout to 64.
[    0.000000] 	RCU restricting CPUs from NR_CPUS=512 to nr_cpu_ids=2.
[    0.000000] RCU: Adjusting geometry for rcu_fanout_leaf=64, nr_cpu_ids=2
[    0.000000] NR_IRQS:33024 nr_irqs:440 16
[    0.000000] Console: colour VGA+ 80x25
[    0.000000] console [tty1] enabled
[    0.000000] console [ttyS0] enabled
[    0.000000] tsc: Detected 3593.248 MHz processor
[    0.110494] Calibrating delay loop (skipped) preset value.. 7186.49 BogoMIPS (lpj=14372992)
[    0.111740] pid_max: default: 32768 minimum: 301
[    0.112397] ACPI: Core revision 20150930
[    0.113702] ACPI: 2 ACPI AML tables successfully acquired and loaded
[    0.114615] Security Framework initialized
[    0.115198] Yama: becoming mindful.
[    0.115734] AppArmor: AppArmor initialized
[    0.116364] Dentry cache hash table entries: 131072 (order: 8, 1048576 bytes)
[    0.117355] Inode-cache hash table entries: 65536 (order: 7, 524288 bytes)
[    0.118954] Mount-cache hash table entries: 2048 (order: 2, 16384 bytes)
[    0.119769] Mountpoint-cache hash table entries: 2048 (order: 2, 16384 bytes)
[    0.120758] Initializing cgroup subsys io
[    0.121338] Initializing cgroup subsys memory
[    0.121950] Initializing cgroup subsys devices
[    0.122569] Initializing cgroup subsys freezer
[    0.123189] Initializing cgroup subsys net_cls
[    0.123810] Initializing cgroup subsys perf_event
[    0.124452] Initializing cgroup subsys net_prio
[    0.125083] Initializing cgroup subsys hugetlb
[    0.125704] Initializing cgroup subsys pids
[    0.131459] mce: CPU supports 0 MCE banks
[    0.132062] Last level iTLB entries: 4KB 1024, 2MB 1024, 4MB 512
[    0.132847] Last level dTLB entries: 4KB 1536, 2MB 1536, 4MB 768, 1GB 0
[    0.133690] Spectre V2 : Spectre mitigation: LFENCE not serializing, switching to generic retpoline
[    0.134928] Spectre V2 : Mitigation: Full generic retpoline
[    0.135698] Spectre V2 : Spectre v2 / SpectreRSB mitigation: Filling RSB on context switch
[    0.136846] Speculative Store Bypass: Mitigation: Speculative Store Bypass disabled via prctl and seccomp
[    0.140282] Freeing SMP alternatives memory: 36K
[    0.145638] ftrace: allocating 32299 entries in 127 pages
[    0.195673] smpboot: APIC(0) Converting physical 0 to logical package 0
[    0.196558] smpboot: Max logical packages: 1
[    0.197375] x2apic enabled
[    0.198031] Switched APIC routing to physical x2apic.
[    0.199652] ..TIMER: vector=0x30 apic1=0 pin1=2 apic2=-1 pin2=-1
[    0.286624] smpboot: CPU0: AMD Ryzen 5 2600X Six-Core Processor (family: 0x17, model: 0x8, stepping: 0x2)
[    0.288129] Performance Events: Broken PMU hardware detected, using software events only.
[    0.289396] Failed to access perfctr msr (MSR c0010007 is 0)
[    0.295520] KVM setup paravirtual spinlock
[    0.296682] x86: Booting SMP configuration:
[    0.297323] .... node  #0, CPUs:      #1
[    0.297978] kvm-clock: cpu 1, msr 0:3ffe3041, secondary cpu clock
[    0.303759] mce: CPU supports 0 MCE banks
[    0.306169] x86: Booted up 1 node, 2 CPUs
[    0.306945] smpboot: Total of 2 processors activated (14372.99 BogoMIPS)
[    0.308171] devtmpfs: initialized
[    0.310298] evm: security.selinux
[    0.310833] evm: security.SMACK64
[    0.311360] evm: security.SMACK64EXEC
[    0.311943] evm: security.SMACK64TRANSMUTE
[    0.312559] evm: security.SMACK64MMAP
[    0.313125] evm: security.ima
[    0.313633] evm: security.capability
[    0.314949] clocksource: jiffies: mask: 0xffffffff max_cycles: 0xffffffff, max_idle_ns: 7645041785100000 ns
[    0.316294] futex hash table entries: 512 (order: 3, 32768 bytes)
[    0.317202] pinctrl core: initialized pinctrl subsystem
[    0.318005] RTC time:  4:09:15, date: 07/11/19
[    0.318848] NET: Registered protocol family 16
[    0.332497] cpuidle: using governor ladder
[    0.347184] cpuidle: using governor menu
[    0.348060] PCCT header not found.
[    0.349183] ACPI: bus type PCI registered
[    0.350062] acpiphp: ACPI Hot Plug PCI Controller Driver version: 0.5
[    0.351401] PCI: Using configuration type 1 for base access
[    0.352536] PCI: Using configuration type 1 for extended access
[    0.367116] ACPI: Added _OSI(Module Device)
[    0.367746] ACPI: Added _OSI(Processor Device)
[    0.368400] ACPI: Added _OSI(3.0 _SCP Extensions)
[    0.369082] ACPI: Added _OSI(Processor Aggregator Device)
[    0.370205] ACPI: Executed 1 blocks of module-level executable AML code
[    0.372520] ACPI: Interpreter enabled
[    0.373100] ACPI: (supports S0 S5)
[    0.373651] ACPI: Using IOAPIC for interrupt routing
[    0.374468] PCI: Using host bridge windows from ACPI; if necessary, use "pci=nocrs" and report a bug
[    0.378088] ACPI: PCI Root Bridge [PCI0] (domain 0000 [bus 00-ff])
[    0.378935] acpi PNP0A03:00: _OSC: OS supports [ExtendedConfig ASPM ClockPM Segments MSI]
[    0.380604] acpi PNP0A03:00: _OSC: platform does not support [PCIeCapability]
[    0.381759] acpi PNP0A03:00: _OSC: not requesting control; platform does not support [PCIeCapability]
[    0.383063] acpi PNP0A03:00: _OSC: OS requested [PCIeHotplug PME AER PCIeCapability]
[    0.384210] acpi PNP0A03:00: _OSC: platform willing to grant [PCIeHotplug PME AER]
[    0.385343] acpi PNP0A03:00: _OSC failed (AE_SUPPORT); disabling ASPM
[    0.386396] PCI host bridge to bus 0000:00
[    0.387017] pci_bus 0000:00: root bus resource [io  0x0000-0x0cf7 window]
[    0.387903] pci_bus 0000:00: root bus resource [io  0x0d00-0xffff window]
[    0.388796] pci_bus 0000:00: root bus resource [mem 0x000a0000-0x000bffff window]
[    0.397299] pci_bus 0000:00: root bus resource [mem 0x40000000-0xfdffffff window]
[    0.398397] pci_bus 0000:00: root bus resource [bus 00-ff]
[    0.400517] pci 0000:00:01.1: legacy IDE quirk: reg 0x10: [io  0x01f0-0x01f7]
[    0.401454] pci 0000:00:01.1: legacy IDE quirk: reg 0x14: [io  0x03f6]
[    0.402324] pci 0000:00:01.1: legacy IDE quirk: reg 0x18: [io  0x0170-0x0177]
[    0.403237] pci 0000:00:01.1: legacy IDE quirk: reg 0x1c: [io  0x0376]
[    0.410498] pci 0000:00:07.0: quirk: [io  0x4000-0x403f] claimed by PIIX4 ACPI
[    0.411639] pci 0000:00:07.0: quirk: [io  0x4100-0x410f] claimed by PIIX4 SMB
[    0.414844] ACPI: PCI Interrupt Link [LNKA] (IRQs 5 9 10 *11)
[    0.416048] ACPI: PCI Interrupt Link [LNKB] (IRQs 5 9 *10 11)
[    0.417176] ACPI: PCI Interrupt Link [LNKC] (IRQs 5 *9 10 11)
[    0.418296] ACPI: PCI Interrupt Link [LNKD] (IRQs 5 9 10 *11)
[    0.419448] ACPI: Enabled 2 GPEs in block 00 to 07
[    0.420346] vgaarb: setting as boot device: PCI:0000:00:02.0
[    0.421133] vgaarb: device added: PCI:0000:00:02.0,decodes=io+mem,owns=io+mem,locks=none
[    0.422331] vgaarb: loaded
[    0.422836] vgaarb: bridge control possible 0000:00:02.0
[    0.423722] SCSI subsystem initialized
[    0.424376] ACPI: bus type USB registered
[    0.425004] usbcore: registered new interface driver usbfs
[    0.425774] usbcore: registered new interface driver hub
[    0.426529] usbcore: registered new device driver usb
[    0.427381] PCI: Using ACPI for IRQ routing
[    0.428188] NetLabel: Initializing
[    0.428746] NetLabel:  domain hash size = 128
[    0.429391] NetLabel:  protocols = UNLABELED CIPSOv4
[    0.430104] NetLabel:  unlabeled traffic allowed by default
[    0.430929] amd_nb: Cannot enumerate AMD northbridges
[    0.431677] clocksource: Switched to clocksource kvm-clock
[    0.437466] AppArmor: AppArmor Filesystem Enabled
[    0.438214] pnp: PnP ACPI init
[    0.439243] pnp: PnP ACPI: found 3 devices
[    0.447013] clocksource: acpi_pm: mask: 0xffffff max_cycles: 0xffffff, max_idle_ns: 2085701024 ns
[    0.448271] NET: Registered protocol family 2
[    0.449005] TCP established hash table entries: 8192 (order: 4, 65536 bytes)
[    0.449954] TCP bind hash table entries: 8192 (order: 5, 131072 bytes)
[    0.450842] TCP: Hash tables configured (established 8192 bind 8192)
[    0.451728] UDP hash table entries: 512 (order: 2, 16384 bytes)
[    0.452556] UDP-Lite hash table entries: 512 (order: 2, 16384 bytes)
[    0.453423] NET: Registered protocol family 1
[    0.454082] pci 0000:00:00.0: Limiting direct PCI/PCI transfers
[    0.454900] pci 0000:00:01.0: Activating ISA DMA hang workarounds
[    0.456561] Unpacking initramfs...
[    0.626347] Freeing initrd memory: 14828K
[    0.627339] clocksource: tsc: mask: 0xffffffffffffffff max_cycles: 0x33cb68e6ea4, max_idle_ns: 440795288133 ns
[    0.629332] platform rtc_cmos: registered platform RTC device (no PNP device found)
[    0.630970] Scanning for low memory corruption every 60 seconds
[    0.632990] audit: initializing netlink subsys (disabled)
[    0.633788] audit: type=2000 audit(1562818160.987:1): initialized
[    0.634741] Initialise system trusted keyring
[    0.635529] HugeTLB registered 2 MB page size, pre-allocated 0 pages
[    0.637092] zbud: loaded
[    0.637808] VFS: Disk quotas dquot_6.6.0
[    0.638424] VFS: Dquot-cache hash table entries: 512 (order 0, 4096 bytes)
[    0.639470] squashfs: version 4.0 (2009/01/31) Phillip Lougher
[    0.640509] fuse init (API version 7.23)
[    0.641230] Key type big_key registered
[    0.641832] Allocating IMA MOK and blacklist keyrings.
[    0.644398] Key type asymmetric registered
[    0.645006] Asymmetric key parser 'x509' registered
[    0.645720] Block layer SCSI generic (bsg) driver version 0.4 loaded (major 249)
[    0.646838] io scheduler noop registered
[    0.647430] io scheduler deadline registered (default)
[    0.648173] io scheduler cfq registered
[    0.648809] pci_hotplug: PCI Hot Plug PCI Core version: 0.5
[    0.649581] pciehp: PCI Express Hot Plug Controller Driver version: 0.4
[    0.650540] ACPI: AC Adapter [AC] (on-line)
[    0.651187] input: Power Button as /devices/LNXSYSTM:00/LNXPWRBN:00/input/input0
[    0.652291] ACPI: Power Button [PWRF]
[    0.652900] input: Sleep Button as /devices/LNXSYSTM:00/LNXSLPBN:00/input/input1
[    0.654032] ACPI: Sleep Button [SLPF]
[    0.654701] GHES: HEST is not enabled!
[    0.655375] Serial: 8250/16550 driver, 32 ports, IRQ sharing enabled
[    0.676593] 00:02: ttyS0 at I/O 0x3f8 (irq = 4, base_baud = 115200) is a 16550A
[    0.678993] Linux agpgart interface v0.103
[    0.680564] loop: module loaded
[    0.681454] scsi host0: ata_piix
[    0.682066] scsi host1: ata_piix
[    0.682627] ata1: PATA max UDMA/33 cmd 0x1f0 ctl 0x3f6 bmdma 0xd000 irq 14
[    0.683533] ata2: PATA max UDMA/33 cmd 0x170 ctl 0x376 bmdma 0xd008 irq 15
[    0.684519] libphy: Fixed MDIO Bus: probed
[    0.685161] tun: Universal TUN/TAP device driver, 1.6
[    0.685875] tun: (C) 1999-2004 Max Krasnyansky <maxk@qualcomm.com>
[    0.686737] PPP generic driver version 2.4.2
[    0.687413] ehci_hcd: USB 2.0 'Enhanced' Host Controller (EHCI) Driver
[    0.688273] ehci-pci: EHCI PCI platform driver
[    0.688921] ehci-platform: EHCI generic platform driver
[    0.689647] ohci_hcd: USB 1.1 'Open' Host Controller (OHCI) Driver
[    0.690461] ohci-pci: OHCI PCI platform driver
[    0.691110] ohci-platform: OHCI generic platform driver
[    0.691833] uhci_hcd: USB Universal Host Controller Interface driver
[    0.692698] i8042: PNP: PS/2 Controller [PNP0303:PS2K,PNP0f03:PS2M] at 0x60,0x64 irq 1,12
[    0.694238] serio: i8042 KBD port at 0x60,0x64 irq 1
[    0.694931] serio: i8042 AUX port at 0x60,0x64 irq 12
[    0.695768] mousedev: PS/2 mouse device common for all mice
[    0.696901] input: AT Translated Set 2 keyboard as /devices/platform/i8042/serio0/input/input2
[    0.698156] rtc_cmos rtc_cmos: rtc core: registered rtc_cmos as rtc0
[    0.699144] rtc_cmos rtc_cmos: alarms up to one day, 114 bytes nvram
[    0.699986] i2c /dev entries driver
[    0.700583] device-mapper: uevent: version 1.0.3
[    0.701297] device-mapper: ioctl: 4.34.0-ioctl (2015-10-28) initialised: dm-devel@redhat.com
[    0.702530] ledtrig-cpu: registered to indicate activity on CPUs
[    0.703658] NET: Registered protocol family 10
[    0.704452] NET: Registered protocol family 17
[    0.705112] Key type dns_resolver registered
[    0.705991] registered taskstats version 1
[    0.706616] Loading compiled-in X.509 certificates
[    0.707724] Loaded X.509 cert 'Build time autogenerated kernel key: 65139e04a67245b562a838c28b5e7032abdd4348'
[    0.709085] zswap: loaded using pool lzo/zbud
[    0.710838] Key type trusted registered
[    0.713316] Key type encrypted registered
[    0.713923] AppArmor: AppArmor sha1 policy hashing enabled
[    0.714676] ima: No TPM chip found, activating TPM-bypass!
[    0.715444] ima: Allocated hash algorithm: sha1
[    0.716127] evm: HMAC attrs: 0x1
[    0.716855]   Magic number: 11:868:160
[    0.717429]   hash matches /build/linux-aUWTNP/linux-4.4.0/drivers/base/power/main.c:740
[    0.718603] vc vcs1: hash matches
[    0.719174] rtc_cmos rtc_cmos: setting system clock to 2019-07-11 04:09:16 UTC (1562818156)
[    0.720449] BIOS EDD facility v0.16 2004-Jun-25, 0 devices found
[    0.721250] EDD information not available.
[    0.842368] Freeing unused kernel memory: 1484K
[    0.843704] Write protecting the kernel read-only data: 14336k
[    0.845846] Freeing unused kernel memory: 1616K
[    0.847063] Freeing unused kernel memory: 68K
Loading, please wait...
starting version 229
[    0.858701] random: systemd-udevd: uninitialized urandom read (16 bytes read, 2 bits of entropy available)
[    0.859585] random: udevadm: uninitialized urandom read (16 bytes read, 2 bits of entropy available)
[    0.859611] random: udevadm: uninitialized urandom read (16 bytes read, 2 bits of entropy available)
[    0.862412] random: systemd-udevd: uninitialized urandom read (16 bytes read, 2 bits of entropy available)
[    0.863771] random: systemd-udevd: uninitialized urandom read (16 bytes read, 2 bits of entropy available)
[    0.865134] random: systemd-udevd: uninitialized urandom read (16 bytes read, 2 bits of entropy available)
[    0.866600] random: udevadm: uninitialized urandom read (16 bytes read, 2 bits of entropy available)
[    0.866962] random: systemd-udevd: uninitialized urandom read (16 bytes read, 2 bits of entropy available)
[    0.866975] random: systemd-udevd: uninitialized urandom read (16 bytes read, 2 bits of entropy available)
[    0.866993] random: systemd-udevd: uninitialized urandom read (16 bytes read, 2 bits of entropy available)
[    0.892389] Fusion MPT base driver 3.04.20
[    0.893066] Copyright (c) 1999-2008 LSI Corporation
[    0.893909] e1000: Intel(R) PRO/1000 Network Driver - version 7.3.21-k8-NAPI
[    0.894867] e1000: Copyright (c) 1999-2006 Intel Corporation.
[    0.897473] Fusion MPT SPI Host driver 3.04.20
[    0.910019] AVX2 version of gcm_enc/dec engaged.
[    0.910756] AES CTR mode by8 optimization enabled
[    1.121784] input: ImExPS/2 Generic Explorer Mouse as /devices/platform/i8042/serio1/input/input4
[    1.236427] e1000 0000:00:03.0 eth0: (PCI:33MHz:32-bit) 02:dc:27:67:22:a8
[    1.237363] e1000 0000:00:03.0 eth0: Intel(R) PRO/1000 Network Connection
[    1.238818] mptbase: ioc0: Initiating bringup
[    1.239526] e1000 0000:00:03.0 enp0s3: renamed from eth0
[    1.301097] ioc0: LSI53C1030 A0: Capabilities={Initiator}
[    1.462508] scsi host2: ioc0: LSI53C1030 A0, FwRev=00000000h, Ports=1, MaxQ=256, IRQ=20
[    1.997827] scsi 2:0:0:0: Direct-Access     VBOX     HARDDISK         1.0  PQ: 0 ANSI: 5
[    2.006296] scsi target2:0:0: Beginning Domain Validation
[    2.007573] scsi target2:0:0: Domain Validation skipping write tests
[    2.008407] scsi target2:0:0: Ending Domain Validation
[    2.009159] scsi target2:0:0: asynchronous
[    2.009993] scsi 2:0:1:0: Direct-Access     VBOX     HARDDISK         1.0  PQ: 0 ANSI: 5
[    2.011184] scsi target2:0:1: Beginning Domain Validation
[    2.012428] scsi target2:0:1: Domain Validation skipping write tests
[    2.013280] scsi target2:0:1: Ending Domain Validation
[    2.014016] scsi target2:0:1: asynchronous
[    2.017813] sd 2:0:0:0: Attached scsi generic sg0 type 0
[    2.018581] sd 2:0:0:0: [sda] 20971520 512-byte logical blocks: (10.7 GB/10.0 GiB)
[    2.019829] sd 2:0:1:0: [sdb] 20480 512-byte logical blocks: (10.5 MB/10.0 MiB)
[    2.020880] sd 2:0:0:0: [sda] Write Protect is off
[    2.020998] sd 2:0:1:0: [sdb] Write Protect is off
[    2.021059] sd 2:0:1:0: [sdb] Incomplete mode parameter data
[    2.021060] sd 2:0:1:0: [sdb] Assuming drive cache: write through
[    2.023802] sd 2:0:0:0: [sda] Incomplete mode parameter data
[    2.023829] sd 2:0:1:0: Attached scsi generic sg1 type 0
[    2.025302] sd 2:0:0:0: [sda] Assuming drive cache: write through
[    2.030860]  sda: sda1
[    2.031680] sd 2:0:1:0: [sdb] Attached SCSI disk
[    2.032436] sd 2:0:0:0: [sda] Attached SCSI disk
Begin: Loading essential drivers ... [    3.355430] md: linear personality registered for level -1
[    3.357604] md: multipath personality registered for level -4
[    3.359806] md: raid0 personality registered for level 0
[    3.362649] md: raid1 personality registered for level 1
[    3.432035] raid6: sse2x1   gen()  8903 MB/s
[    3.500434] raid6: sse2x1   xor()  8438 MB/s
[    3.567886] raid6: sse2x2   gen() 17686 MB/s
[    3.636252] raid6: sse2x2   xor() 11527 MB/s
[    3.703689] raid6: sse2x4   gen() 16390 MB/s
[    3.772087] raid6: sse2x4   xor() 10775 MB/s
[    3.839688] raid6: avx2x1   gen() 20895 MB/s
[    3.907923] raid6: avx2x2   gen() 26632 MB/s
[    3.976309] raid6: avx2x4   gen() 27391 MB/s
[    3.976945] raid6: using algorithm avx2x4 gen() 27391 MB/s
[    3.977663] raid6: using avx2x2 recovery algorithm
[    3.979818] xor: automatically using best checksumming function:
[    4.021245]    avx       : 13045.000 MB/sec
[    4.023158] async_tx: api initialized (async)
[    4.030860] md: raid6 personality registered for level 6
[    4.031600] md: raid5 personality registered for level 5
[    4.032330] md: raid4 personality registered for level 4
[    4.036900] md: raid10 personality registered for level 10
done.
Begin: Running /scripts/init-premount ... done.
Begin: Mounting root file system ... Begin: Running /scripts/local-top ... done.
Begin: Running /scripts/local-premount ... [    4.057135] Btrfs loaded
Scanning for Btrfs filesystems
done.
Warning: fsck not present, so skipping root file system
[    4.078384] EXT4-fs (sda1): mounted filesystem with ordered data mode. Opts: (null)
done.
Begin: Running /scripts/local-bottom ... done.
Begin: Running /scripts/init-bottom ... done.
[    4.651166] systemd[1]: systemd 229 running in system mode. (+PAM +AUDIT +SELINUX +IMA +APPARMOR +SMACK +SYSVINIT +UTMP +LIBCRYPTSETUP +GCRYPT +GNUTLS +ACL +XZ -LZ4 +SECCOMP +BLKID +ELFUTILS +KMOD -IDN)
[    4.654365] systemd[1]: Detected virtualization oracle.
[    4.655321] systemd[1]: Detected architecture x86-64.

Welcome to [1mUbuntu 16.04.6 LTS[0m!

[    4.686301] systemd[1]: Set hostname to <ubuntu-xenial>.
[    5.517773] random: nonblocking pool is initialized
[    5.950085] systemd[1]: Listening on Syslog Socket.
[[0;32m  OK  [0m] Listening on Syslog Socket.
[    5.951425] systemd[1]: Reached target Encrypted Volumes.
[[0;32m  OK  [0m] Reached target Encrypted Volumes.
[    5.952869] systemd[1]: Listening on Journal Socket.
[[0;32m  OK  [0m] Listening on Journal Socket.
[    5.954156] systemd[1]: Reached target Swap.
[[0;32m  OK  [0m] Reached target Swap.
[    5.955346] systemd[1]: Listening on Journal Socket (/dev/log).
[[0;32m  OK  [0m] Listening on Journal Socket (/dev/log).
[    5.956879] systemd[1]: Listening on Journal Audit Socket.
[[0;32m  OK  [0m] Listening on Journal Audit Socket.
[    5.958319] systemd[1]: Started Trigger resolvconf update for networkd DNS.
[[0;32m  OK  [0m] Started Trigger resolvconf update for networkd DNS.
[    5.959974] systemd[1]: Listening on Device-mapper event daemon FIFOs.
[[0;32m  OK  [0m] Listening on Device-mapper event daemon FIFOs.
[    5.961698] systemd[1]: Set up automount Arbitrary Executable File Formats File System Automount Point.
[[0;32m  OK  [0m] Set up automount Arbitrary Executab...ats File System Automount Point.
[    5.963839] systemd[1]: Listening on LVM2 metadata daemon socket.
[[0;32m  OK  [0m] Listening on LVM2 metadata daemon socket.
[    5.965526] systemd[1]: Created slice System Slice.
[[0;32m  OK  [0m] Created slice System Slice.
[    5.966969] systemd[1]: Created slice system-serial\x2dgetty.slice.
[[0;32m  OK  [0m] Created slice system-serial\x2dgetty.slice.
[    5.984379] systemd[1]: Mounting POSIX Message Queue File System...
         Mounting POSIX Message Queue File System...
[    5.986332] systemd[1]: Starting Uncomplicated firewall...
         Starting Uncomplicated firewall...
[    6.064521] systemd[1]: Starting Set console keymap...
         Starting Set console keymap...
[    6.067416] systemd[1]: Starting Journal Service...
         Starting Journal Service...
[    6.116361] systemd[1]: Starting Load Kernel Modules...
         Starting Load Kernel Modules...
[    6.120715] systemd[1]: Starting Monitoring of LVM2 mirrors, snapshots etc. using dmeventd or progress polling...
         Starting Monitoring of LVM2 mirrors... dmeventd or progress polling...
[    6.125461] systemd[1]: Starting Remount Root and Kernel File Systems...
         Starting Remount Root and Kernel File Systems...
[    6.127430] systemd[1]: Listening on /dev/initctl Compatibility Named Pipe.
[[0;32m  OK  [0m] Listening on /dev/initctl Compatibility Named Pipe.
[    6.129111] systemd[1]: Listening on LVM2 poll daemon socket.
[[0;32m  OK  [0m] Listening on LVM2 poll daemon socket.
[    6.130627] systemd[1]: Started Forward Password Requests to Wall Directory Watch.
[[0;32m  OK  [0m] Started Forward Password Requests to Wall Directory Watch.
[    6.132541] systemd[1]: Reached target System Time Synchronized.
[[0;32m  OK  [0m] Reached target System Time Synchronized.
[    6.134380] systemd[1]: Starting Create list of required static device nodes for the current kernel...
         Starting Create list of required st... nodes for the current kernel...
[    6.136808] systemd[1]: Mounting Huge Pages File System...
         Mounting Huge Pages File System...
[    6.138265] systemd[1]: Created slice User and Session Slice.
[[0;32m  OK  [0m] Created slice User and Session Slice.
[    6.140003] systemd[1]: Mounting Debug File System...
         Mounting Debug File System...
[    6.141220] systemd[1]: Reached target Slices.
[[0;32m  OK  [0m] Reached target Slices.
[    6.142387] systemd[1]: Listening on udev Kernel Socket.
[[0;32m  OK  [0m] Listening on udev Kernel Socket.
[    6.144111] systemd[1]: Starting Nameserver information manager...
         Starting Nameserver information manager...
[    6.145558] systemd[1]: Listening on udev Control Socket.
[[0;32m  OK  [0m] Listening on udev Control Socket.
[    6.146955] systemd[1]: Reached target User and Group Name Lookups.
[[0;32m  OK  [0m] Reached target User and Group Name Lookups.
[    6.149418] systemd[1]: Mounted POSIX Message Queue File System.
[[0;32m  OK  [0m] Mounted POSIX Message Queue File System.
[    6.150893] systemd[1]: Mounted Debug File System.
[[0;32m  OK  [0m] Mounted Debug File System.
[    6.152140] systemd[1]: Mounted Huge Pages File System.
[[0;32m  OK  [0m] Mounted Huge Pages File System.
[    6.154755] systemd[1]: Started Uncomplicated firewall.
[[0;32m  OK  [0m] Started Uncomplicated firewall.
[    6.172629] EXT4-fs (sda1): re-mounted. Opts: (null)
[    6.174111] systemd[1]: Started Remount Root and Kernel File Systems.
[[0;32m  OK  [0m] Started Remount Root and Kernel File Systems.
[    6.191878] systemd[1]: Starting Load/Save Random Seed...
         Starting Load/Save Random Seed...
[    6.227776] systemd[1]: Starting udev Coldplug all Devices...
         Starting udev Coldplug all Devices...
[    6.229681] systemd[1]: Started Create list of required static device nodes for the current kernel.
[[0;32m  OK  [0m] Started Create list of required sta...ce nodes for the current kernel.
[    6.232067] systemd[1]: Started Nameserver information manager.
[[0;32m  OK  [0m] Started Nameserver information manager.
[    6.240363] systemd[1]: Starting Create Static Device Nodes in /dev...
         Starting Create Static Device Nodes in /dev...
[    6.264519] systemd[1]: Started Load/Save Random Seed.
[[0;32m  OK  [0m] Started Load/Save Random Seed.
[    6.355379] systemd[1]: Started Set console keymap.
[[0;32m  OK  [0m] Started Set console keymap.
[    6.376175] Loading iSCSI transport class v2.0-870.
[    6.394442] systemd[1]: Started udev Coldplug all Devices.
[[0;32m  OK  [0m] Started udev Coldplug all Devices.
[    6.403477] systemd[1]: Started Journal Service.
[[0;32m  OK  [0m] Started Journal Service.
         Starting Flush Journal to Persistent Storage...
[    6.451749] systemd-journald[375]: Received request to flush runtime journal from PID 1
[[0;32m  OK  [0m] Started Flush Journal to Persistent Storage.
[    6.462582] iscsi: registered transport (tcp)
[[0;32m  OK  [0m] Started LVM2 metadata daemon.
[[0;32m  OK  [0m] Started Create Static Device Nodes in /dev.
         Starting udev Kernel Device Manager...
[    6.603533] iscsi: registered transport (iser)
[[0;32m  OK  [0m] Started Load Kernel Modules.
         Starting Apply Kernel Variables...
         Mounting FUSE Control File System...
[[0;32m  OK  [0m] Mounted FUSE Control File System.
[[0;32m  OK  [0m] Started Apply Kernel Variables.
[[0;32m  OK  [0m] Started udev Kernel Device Manager.
[[0;32m  OK  [0m] Started Dispatch Password Requests to Console Directory Watch.
[[0;32m  OK  [0m] Found device /dev/ttyS0.
[[0;32m  OK  [0m] Listening on Load/Save RF Kill Switch Status /dev/rfkill Watch.
[[0;32m  OK  [0m] Started Monitoring of LVM2 mirrors,...ng dmeventd or progress polling.
[[0;32m  OK  [0m] Reached target Local File Systems (Pre).
[[0;32m  OK  [0m] Reached target Local File Systems.
         Starting Set console font and keymap...
         Starting Create Volatile Files and Directories...
         Starting Initial cloud-init job (pre-networking)...
         Starting LSB: AppArmor initialization...
         Starting Tell Plymouth To Write Out Runtime Data...
[[0;32m  OK  [0m] Found device 82540EM Gigabit Ethern...r (PRO/1000 MT Desktop Adapter).
[[0;32m  OK  [0m] Started Tell Plymouth To Write Out Runtime Data.
[[0;32m  OK  [0m] Started Create Volatile Files and Directories.
         Starting Update UTMP about System Boot/Shutdown...
[[0;32m  OK  [0m] Started Update UTMP about System Boot/Shutdown.
[[0;32m  OK  [0m] Started Set console font and keymap.
[[0;32m  OK  [0m] Created slice system-getty.slice.
[[0;32m  OK  [0m] Started LSB: AppArmor initialization.
[    8.990854] cloud-init[570]: Cloud-init v. 19.1-1-gbaa47854-0ubuntu1~16.04.1 running 'init-local' at Thu, 11 Jul 2019 04:09:24 +0000. Up 8.64 seconds.
[[0;32m  OK  [0m] Started Initial cloud-init job (pre-networking).
[[0;32m  OK  [0m] Reached target Network (Pre).
[[0;32m  OK  [0m] Started ifup for enp0s3.
         Starting Raise network interfaces...
[[0;32m  OK  [0m] Started Raise network interfaces.
[[0;32m  OK  [0m] Reached target Network.
         Starting Initial cloud-init job (metadata service crawler)...
[    9.804331] cloud-init[972]: Cloud-init v. 19.1-1-gbaa47854-0ubuntu1~16.04.1 running 'init' at Thu, 11 Jul 2019 04:09:25 +0000. Up 9.45 seconds.
[    9.806035] cloud-init[972]: ci-info: ++++++++++++++++++++++++++++++++++++++Net device info++++++++++++++++++++++++++++++++++++++
[    9.806901] cloud-init[972]: ci-info: +--------+------+----------------------------+---------------+--------+-------------------+
[    9.807737] cloud-init[972]: ci-info: | Device |  Up  |          Address           |      Mask     | Scope  |     Hw-Address    |
[    9.808613] cloud-init[972]: ci-info: +--------+------+----------------------------+---------------+--------+-------------------+
[    9.809456] cloud-init[972]: ci-info: | enp0s3 | True |         10.0.2.15          | 255.255.255.0 | global | 02:dc:27:67:22:a8 |
[    9.810308] cloud-init[972]: ci-info: | enp0s3 | True | fe80::dc:27ff:fe67:22a8/64 |       .       |  link  | 02:dc:27:67:22:a8 |
[    9.811144] cloud-init[972]: ci-info: |   lo   | True |         127.0.0.1          |   255.0.0.0   |  host  |         .         |
[    9.811989] cloud-init[972]: ci-info: |   lo   | True |          ::1/128           |       .       |  host  |         .         |
[    9.812881] cloud-init[972]: ci-info: +--------+------+----------------------------+---------------+--------+-------------------+
[    9.813740] cloud-init[972]: ci-info: +++++++++++++++++++++++++++Route IPv4 info++++++++++++++++++++++++++++
[    9.814502] cloud-init[972]: ci-info: +-------+-------------+----------+---------------+-----------+-------+
[    9.815266] cloud-init[972]: ci-info: | Route | Destination | Gateway  |    Genmask    | Interface | Flags |
[    9.816039] cloud-init[972]: ci-info: +-------+-------------+----------+---------------+-----------+-------+
[    9.816823] cloud-init[972]: ci-info: |   0   |   0.0.0.0   | 10.0.2.2 |    0.0.0.0    |   enp0s3  |   UG  |
[    9.817642] cloud-init[972]: ci-info: |   1   |   10.0.2.0  | 0.0.0.0  | 255.255.255.0 |   enp0s3  |   U   |
[    9.818767] cloud-init[972]: ci-info: +-------+-------------+----------+---------------+-----------+-------+
[    9.819840] cloud-init[972]: ci-info: +++++++++++++++++++Route IPv6 info+++++++++++++++++++
[    9.820722] cloud-init[972]: ci-info: +-------+-------------+---------+-----------+-------+
[    9.821651] cloud-init[972]: ci-info: | Route | Destination | Gateway | Interface | Flags |
[    9.822617] cloud-init[972]: ci-info: +-------+-------------+---------+-----------+-------+
[    9.823637] cloud-init[972]: ci-info: |   0   |  fe80::/64  |    ::   |   enp0s3  |   U   |
[    9.824564] cloud-init[972]: ci-info: |   3   |   ff00::/8  |    ::   |   enp0s3  |   U   |
[    9.825509] cloud-init[972]: ci-info: +-------+-------------+---------+-----------+-------+
[[0;32m  OK  [0m] Started Initial cloud-init job (metadata service crawler).
[[0;32m  OK  [0m] Reached target Cloud-config availability.
[[0;32m  OK  [0m] Reached target Network is Online.
         Starting iSCSI initiator daemon (iscsid)...
[[0;32m  OK  [0m] Reached target System Initialization.
[[0;32m  OK  [0m] Listening on D-Bus System Message Bus Socket.
[[0;32m  OK  [0m] Started Daily Cleanup of Temporary Directories.
         Starting LXD - unix socket.
[[0;32m  OK  [0m] Listening on UUID daemon activation socket.
[[0;32m  OK  [0m] Listening on ACPID Listen Socket.
         Starting Socket activation for snappy daemon.
[[0;32m  OK  [0m] Started ACPI Events Check.
[[0;32m  OK  [0m] Reached target Paths.
[[0;32m  OK  [0m] Started Daily apt download activities.
[[0;32m  OK  [0m] Started Daily apt upgrade and clean activities.
[[0;32m  OK  [0m] Reached target Timers.
[[0;32m  OK  [0m] Listening on LXD - unix socket.
[[0;32m  OK  [0m] Listening on Socket activation for snappy daemon.
[[0;32m  OK  [0m] Reached target Sockets.
[[0;32m  OK  [0m] Reached target Basic System.
         Starting System Logging Service...
[[0;32m  OK  [0m] Started ACPI event daemon.
         Starting Accounts Service...
         Starting Snappy daemon...
         Starting Virtualbox guest utils...
         Starting /etc/rc.local Compatibility...
         Starting LSB: Record successful boot for GRUB...
         Starting LSB: MD monitoring daemon...
[[0;32m  OK  [0m] Started Regular background program processing daemon.
[[0;32m  OK  [0m] Started FUSE filesystem for LXC.
[[0;32m  OK  [0m] Started Deferred execution scheduler.
         Starting Login Service...
         Starting OpenBSD Secure Shell server...
[[0;32m  OK  [0m] Started D-Bus System Message Bus.
         Starting LXD - container startup/shutdown...
[[0;32m  OK  [0m] Started System Logging Service.
[[0;32m  OK  [0m] Started iSCSI initiator daemon (iscsid).
[[0;32m  OK  [0m] Started /etc/rc.local Compatibility.
[[0;32m  OK  [0m] Started OpenBSD Secure Shell server.
[[0;32m  OK  [0m] Started Login Service.
[[0;32m  OK  [0m] Started Unattended Upgrades Shutdown.
         Starting Authenticate and Authorize Users to Run Privileged Tasks...
         Starting Login to default iSCSI targets...
[[0;32m  OK  [0m] Started Login to default iSCSI targets.
[[0;32m  OK  [0m] Reached target Remote File Systems (Pre).
[[0;32m  OK  [0m] Reached target Remote File Systems.
         Starting LSB: daemon to balance interrupts for SMP systems...
         Starting LSB: Set the CPU Frequency Scaling governor to "ondemand"...
         Starting Permit User Sessions...
         Starting LSB: automatic crash report generation...
[[0;32m  OK  [0m] Started LSB: Record successful boot for GRUB.
[[0;32m  OK  [0m] Started LSB: Set the CPU Frequency Scaling governor to "ondemand".
[[0;32m  OK  [0m] Started LSB: MD monitoring daemon.
[[0;32m  OK  [0m] Started Permit User Sessions.
         Starting Terminate Plymouth Boot Screen...
         Starting Hold until boot process finishes up...
[[0;32m  OK  [0m] Started Hold until boot process finishes up.
         Starting Set console scheme...
[[0;32m  OK  [0m] Started Serial Getty on ttyS0.
[[0;32m  OK  [0m] Started Getty on tty1.
[[0;32m  OK  [0m] Reached target Login Prompts.
[[0;32m  OK  [0m] Started Terminate Plymouth Boot Screen.
[[0;32m  OK  [0m] Started LSB: daemon to balance interrupts for SMP systems.
[[0;32m  OK  [0m] Started Set console scheme.
[[0;32m  OK  [0m] Started LSB: automatic crash report generation.
[[0;32m  OK  [0m] Started Authenticate and Authorize Users to Run Privileged Tasks.
[[0;32m  OK  [0m] Started Accounts Service.
[[0;32m  OK  [0m] Started Virtualbox guest utils.
[[0;32m  OK  [0m] Started Snappy daemon.
         Starting Wait until snapd is fully seeded...
[[0;32m  OK  [0m] Started Wait until snapd is fully seeded.
         Starting Apply the settings specified in cloud-config...
[   12.215889] cloud-init[1229]: Cloud-init v. 19.1-1-gbaa47854-0ubuntu1~16.04.1 running 'modules:config' at Thu, 11 Jul 2019 04:09:27 +0000. Up 11.89 seconds.
[[0;32m  OK  [0m] Started Apply the settings specified in cloud-config.
[[0;32m  OK  [0m] Started LXD - container startup/shutdown.
[[0;32m  OK  [0m] Reached target Multi-User System.
         Starting Execute cloud user/final scripts...
[[0;32m  OK  [0m] Reached target Graphical Interface.
         Starting Update UTMP about System Runlevel Changes...
[[0;32m  OK  [0m] Started Update UTMP about System Runlevel Changes.
[   12.633791] cloud-init[1242]: Cloud-init v. 19.1-1-gbaa47854-0ubuntu1~16.04.1 running 'modules:final' at Thu, 11 Jul 2019 04:09:28 +0000. Up 12.53 seconds.
[   12.634816] cloud-init[1242]: Cloud-init v. 19.1-1-gbaa47854-0ubuntu1~16.04.1 finished at Thu, 11 Jul 2019 04:09:28 +0000. Datasource DataSourceNoCloud [seed=/dev/sdb][dsmode=net].  Up 12.63 seconds
[[0;32m  OK  [0m] Started Execute cloud user/final scripts.
[[0;32m  OK  [0m] Reached target Cloud-init target.

Ubuntu 16.04.6 LTS ubuntu-xenial ttyS0

ubuntu-xenial login: [[0;32m  OK  [0m] Stopped target Timers.
[[0;32m  OK  [0m] Stopped target Graphical Interface.
         Stopping User Manager for UID 1000...
[[0;32m  OK  [0m] Stopped target Cloud-init target.
[[0;32m  OK  [0m] Stopped Execute cloud user/final scripts.
[[0;32m  OK  [0m] Stopped Apply the settings specified in cloud-config.
         Stopping Session 3 of user vagrant.
         Stopping ACPI event daemon...
[[0;32m  OK  [0m] Stopped target Multi-User System.
         Stopping Regular background program processing daemon...
         Stopping LSB: Set the CPU Frequency Scaling governor to "ondemand"...
         Stopping Deferred execution scheduler...
         Stopping LSB: MD monitoring daemon...
         Stopping LXD - container startup/shutdown...
         Stopping OpenBSD Secure Shell server...
         Stopping LSB: daemon to balance interrupts for SMP systems...
[[0;32m  OK  [0m] Stopped Daily Cleanup of Temporary Directories.
         Stopping D-Bus System Message Bus...
         Stopping System Logging Service...
         Stopping Authenticate and Authorize Users to Run Privileged Tasks...
[[0;32m  OK  [0m] Stopped Daily apt upgrade and clean activities.
         Stopping Accounts Service...
[[0;32m  OK  [0m] Closed Load/Save RF Kill Switch Status /dev/rfkill Watch.
[[0;32m  OK  [0m] Stopped target Login Prompts.
         Stopping Getty on tty1...
         Stopping Serial Getty on ttyS0...
         Stopping Unattended Upgrades Shutdown...
         Stopping LSB: automatic crash report generation...
         Stopping Virtualbox guest utils...
[[0;32m  OK  [0m] Stopped Wait until snapd is fully seeded.
         Stopping LSB: Record successful boot for GRUB...
[[0;32m  OK  [0m] Stopped Daily apt download activities.
[[0;32m  OK  [0m] Stopped target System Time Synchronized.
         Stopping FUSE filesystem for LXC...
[[0;32m  OK  [0m] Stopped target Cloud-config availability.
[[0;32m  OK  [0m] Unmounted /var/lib/lxcfs.
[[0;32m  OK  [0m] Stopped System Logging Service.
[[0;32m  OK  [0m] Stopped Accounts Service.
[[0;32m  OK  [0m] Stopped Regular background program processing daemon.
[[0;32m  OK  [0m] Stopped Deferred execution scheduler.
[[0;32m  OK  [0m] Stopped OpenBSD Secure Shell server.
[[0;32m  OK  [0m] Stopped Authenticate and Authorize Users to Run Privileged Tasks.
[[0;32m  OK  [0m] Stopped Serial Getty on ttyS0.
[[0;32m  OK  [0m] Stopped Getty on tty1.
[[0;32m  OK  [0m] Stopped Unattended Upgrades Shutdown.
[[0;32m  OK  [0m] Stopped User Manager for UID 1000.
[[0;32m  OK  [0m] Stopped Session 3 of user vagrant.
[[0;32m  OK  [0m] Stopped D-Bus System Message Bus.
[[0;32m  OK  [0m] Stopped LSB: daemon to balance interrupts for SMP systems.
[[0;32m  OK  [0m] Stopped LSB: MD monitoring daemon.
[[0;32m  OK  [0m] Stopped FUSE filesystem for LXC.
[[0;32m  OK  [0m] Stopped LSB: Set the CPU Frequency Scaling governor to "ondemand".
[[0;32m  OK  [0m] Stopped ACPI event daemon.
[[0;32m  OK  [0m] Stopped LSB: Record successful boot for GRUB.
[[0;32m  OK  [0m] Stopped LXD - container startup/shutdown.
[[0;32m  OK  [0m] Stopped Virtualbox guest utils.
[[0;32m  OK  [0m] Removed slice User Slice of vagrant.
         Stopping Login Service...
[[0;32m  OK  [0m] Removed slice system-getty.slice.
[[0;32m  OK  [0m] Stopped /etc/rc.local Compatibility.
[[0;32m  OK  [0m] Removed slice system-serial\x2dgetty.slice.
         Stopping Permit User Sessions...
[[0;32m  OK  [0m] Stopped LSB: automatic crash report generation.
[[0;32m  OK  [0m] Stopped Permit User Sessions.
[[0;32m  OK  [0m] Stopped target Remote File Systems.
[[0;32m  OK  [0m] Stopped target Remote File Systems (Pre).
         Stopping Login to default iSCSI targets...
[[0;32m  OK  [0m] Stopped Login Service.
[[0;32m  OK  [0m] Stopped target User and Group Name Lookups.
[[0;32m  OK  [0m] Stopped target Basic System.
[[0;32m  OK  [0m] Stopped target Sockets.
[[0;32m  OK  [0m] Closed ACPID Listen Socket.
[[0;32m  OK  [0m] Closed LXD - unix socket.
[[0;32m  OK  [0m] Closed Syslog Socket.
[[0;32m  OK  [0m] Closed D-Bus System Message Bus Socket.
[[0;32m  OK  [0m] Closed Socket activation for snappy daemon.
[[0;32m  OK  [0m] Closed UUID daemon activation socket.
[[0;32m  OK  [0m] Stopped target Slices.
[[0;32m  OK  [0m] Removed slice User and Session Slice.
[[0;32m  OK  [0m] Stopped target Paths.
[[0;32m  OK  [0m] Stopped Forward Password Requests to Wall Directory Watch.
[[0;32m  OK  [0m] Stopped Dispatch Password Requests to Console Directory Watch.
[[0;32m  OK  [0m] Stopped ACPI Events Check.
[[0;32m  OK  [0m] Stopped target System Initialization.
         Stopping Update UTMP about System Boot/Shutdown...
         Stopping Load/Save Random Seed...
[[0;32m  OK  [0m] Stopped target Encrypted Volumes.
[[0;32m  OK  [0m] Stopped target Swap.
[[0;32m  OK  [0m] Stopped Login to default iSCSI targets.
[[0;32m  OK  [0m] Stopped Load/Save Random Seed.
[[0;32m  OK  [0m] Stopped Update UTMP about System Boot/Shutdown.
[[0;32m  OK  [0m] Stopped Create Volatile Files and Directories.
         Stopping iSCSI initiator daemon (iscsid)...
[[0;32m  OK  [0m] Stopped iSCSI initiator daemon (iscsid).
[[0;32m  OK  [0m] Stopped target Network is Online.
[[0;32m  OK  [0m] Stopped Initial cloud-init job (metadata service crawler).
[[0;32m  OK  [0m] Stopped target Network.
         Stopping Raise network interfaces...
[[0;32m  OK  [0m] Stopped Raise network interfaces.
[[0;32m  OK  [0m] Stopped target Network (Pre).
[[0;32m  OK  [0m] Stopped Initial cloud-init job (pre-networking).
[[0;32m  OK  [0m] Stopped target Local File Systems.
         Unmounting /run/user/1000...
[[0;32m  OK  [0m] Stopped Apply Kernel Variables.
[[0;32m  OK  [0m] Stopped Load Kernel Modules.
[[0;32m  OK  [0m] Unmounted /run/user/1000.
[[0;32m  OK  [0m] Reached target Unmount All Filesystems.
[[0;32m  OK  [0m] Stopped target Local File Systems (Pre).
         Stopping Monitoring of LVM2 mirrors... dmeventd or progress polling...
[[0;32m  OK  [0m] Stopped Create Static Device Nodes in /dev.
[[0;32m  OK  [0m] Stopped Remount Root and Kernel File Systems.
[[0;32m  OK  [0m] Reached target Shutdown.
[  101.567827] reboot: Power down
